# JRE version: OpenJDK Runtime Environment (8.0_76-b03) (build 1.8.0_76-release-b03)
# Java VM: OpenJDK 64-Bit Server VM (25.76-b03 mixed mode windows-amd64 compressed oops)
Heap:
 PSYoungGen      total 211968K, used 189006K [0x00000000e0000000, 0x00000000ee700000, 0x0000000100000000)
  eden space 187392K, 92% used [0x00000000e0000000,0x00000000ea9438e8,0x00000000eb700000)
  from space 24576K, 63% used [0x00000000eb700000,0x00000000ec650080,0x00000000ecf00000)
  to   space 19968K, 0% used [0x00000000ed380000,0x00000000ed380000,0x00000000ee700000)
 ParOldGen       total 97792K, used 39687K [0x00000000a0000000, 0x00000000a5f80000, 0x00000000e0000000)
  object space 97792K, 40% used [0x00000000a0000000,0x00000000a26c1f78,0x00000000a5f80000)
 Metaspace       used 69146K, capacity 72084K, committed 72368K, reserved 1112064K
  class space    used 8979K, capacity 9566K, committed 9648K, reserved 1048576K
GC Heap History (10 events):
Event: 2508.804 GC heap before
{Heap before GC invocations=23 (full 4):
 PSYoungGen      total 168960K, used 155127K [0x00000000e0000000, 0x00000000ed180000, 0x0000000100000000)
  eden space 148480K, 100% used [0x00000000e0000000,0x00000000e9100000,0x00000000e9100000)
  from space 20480K, 32% used [0x00000000ea480000,0x00000000eaafdd68,0x00000000eb880000)
  to   space 19968K, 0% used [0x00000000e9100000,0x00000000e9100000,0x00000000ea480000)
 ParOldGen       total 97792K, used 39485K [0x00000000a0000000, 0x00000000a5f80000, 0x00000000e0000000)
  object space 97792K, 40% used [0x00000000a0000000,0x00000000a268f520,0x00000000a5f80000)
 Metaspace       used 61657K, capacity 64162K, committed 64816K, reserved 1105920K
  class space    used 8079K, capacity 8587K, committed 8752K, reserved 1048576K
Event: 2508.813 GC heap after
Heap after GC invocations=23 (full 4):
 PSYoungGen      total 168448K, used 14026K [0x00000000e0000000, 0x00000000ec980000, 0x0000000100000000)
  eden space 148480K, 0% used [0x00000000e0000000,0x00000000e0000000,0x00000000e9100000)
  from space 19968K, 70% used [0x00000000e9100000,0x00000000e9eb29b0,0x00000000ea480000)
  to   space 20992K, 0% used [0x00000000eb500000,0x00000000eb500000,0x00000000ec980000)
 ParOldGen       total 97792K, used 39493K [0x00000000a0000000, 0x00000000a5f80000, 0x00000000e0000000)
  object space 97792K, 40% used [0x00000000a0000000,0x00000000a2691520,0x00000000a5f80000)
 Metaspace       used 61657K, capacity 64162K, committed 64816K, reserved 1105920K
  class space    used 8079K, capacity 8587K, committed 8752K, reserved 1048576K
}
Event: 2509.255 GC heap before
{Heap before GC invocations=24 (full 4):
 PSYoungGen      total 168448K, used 162506K [0x00000000e0000000, 0x00000000ec980000, 0x0000000100000000)
  eden space 148480K, 100% used [0x00000000e0000000,0x00000000e9100000,0x00000000e9100000)
  from space 19968K, 70% used [0x00000000e9100000,0x00000000e9eb29b0,0x00000000ea480000)
  to   space 20992K, 0% used [0x00000000eb500000,0x00000000eb500000,0x00000000ec980000)
 ParOldGen       total 97792K, used 39493K [0x00000000a0000000, 0x00000000a5f80000, 0x00000000e0000000)
  object space 97792K, 40% used [0x00000000a0000000,0x00000000a2691520,0x00000000a5f80000)
 Metaspace       used 61733K, capacity 64226K, committed 64816K, reserved 1105920K
  class space    used 8080K, capacity 8587K, committed 8752K, reserved 1048576K
Event: 2509.281 GC heap after
Heap after GC invocations=24 (full 4):
 PSYoungGen      total 183808K, used 17233K [0x00000000e0000000, 0x00000000eda00000, 0x0000000100000000)
  eden space 162816K, 0% used [0x00000000e0000000,0x00000000e0000000,0x00000000e9f00000)
  from space 20992K, 82% used [0x00000000eb500000,0x00000000ec5d4688,0x00000000ec980000)
  to   space 22528K, 0% used [0x00000000e9f00000,0x00000000e9f00000,0x00000000eb500000)
 ParOldGen       total 97792K, used 39501K [0x00000000a0000000, 0x00000000a5f80000, 0x00000000e0000000)
  object space 97792K, 40% used [0x00000000a0000000,0x00000000a2693520,0x00000000a5f80000)
 Metaspace       used 61733K, capacity 64226K, committed 64816K, reserved 1105920K
  class space    used 8080K, capacity 8587K, committed 8752K, reserved 1048576K
}
Event: 3015.256 GC heap before
{Heap before GC invocations=25 (full 4):
 PSYoungGen      total 183808K, used 180049K [0x00000000e0000000, 0x00000000eda00000, 0x0000000100000000)
  eden space 162816K, 100% used [0x00000000e0000000,0x00000000e9f00000,0x00000000e9f00000)
  from space 20992K, 82% used [0x00000000eb500000,0x00000000ec5d4688,0x00000000ec980000)
  to   space 22528K, 0% used [0x00000000e9f00000,0x00000000e9f00000,0x00000000eb500000)
 ParOldGen       total 97792K, used 39501K [0x00000000a0000000, 0x00000000a5f80000, 0x00000000e0000000)
  object space 97792K, 40% used [0x00000000a0000000,0x00000000a2693520,0x00000000a5f80000)
 Metaspace       used 61877K, capacity 64412K, committed 64816K, reserved 1105920K
  class space    used 8093K, capacity 8600K, committed 8752K, reserved 1048576K
Event: 3015.615 GC heap after
Heap after GC invocations=25 (full 4):
 PSYoungGen      total 185344K, used 22511K [0x00000000e0000000, 0x00000000eec80000, 0x0000000100000000)
  eden space 162816K, 0% used [0x00000000e0000000,0x00000000e0000000,0x00000000e9f00000)
  from space 22528K, 99% used [0x00000000e9f00000,0x00000000eb4fbdd8,0x00000000eb500000)
  to   space 25600K, 0% used [0x00000000ed380000,0x00000000ed380000,0x00000000eec80000)
 ParOldGen       total 97792K, used 39671K [0x00000000a0000000, 0x00000000a5f80000, 0x00000000e0000000)
  object space 97792K, 40% used [0x00000000a0000000,0x00000000a26bdf78,0x00000000a5f80000)
 Metaspace       used 61877K, capacity 64412K, committed 64816K, reserved 1105920K
  class space    used 8093K, capacity 8600K, committed 8752K, reserved 1048576K
}
Event: 3020.419 GC heap before
{Heap before GC invocations=26 (full 4):
 PSYoungGen      total 185344K, used 185327K [0x00000000e0000000, 0x00000000eec80000, 0x0000000100000000)
  eden space 162816K, 100% used [0x00000000e0000000,0x00000000e9f00000,0x00000000e9f00000)
  from space 22528K, 99% used [0x00000000e9f00000,0x00000000eb4fbdd8,0x00000000eb500000)
  to   space 25600K, 0% used [0x00000000ed380000,0x00000000ed380000,0x00000000eec80000)
 ParOldGen       total 97792K, used 39671K [0x00000000a0000000, 0x00000000a5f80000, 0x00000000e0000000)
  object space 97792K, 40% used [0x00000000a0000000,0x00000000a26bdf78,0x00000000a5f80000)
 Metaspace       used 62455K, capacity 65142K, committed 65328K, reserved 1105920K
  class space    used 8158K, capacity 8693K, committed 8752K, reserved 1048576K
Event: 3020.429 GC heap after
Heap after GC invocations=26 (full 4):
 PSYoungGen      total 207360K, used 11892K [0x00000000e0000000, 0x00000000ee700000, 0x0000000100000000)
  eden space 187392K, 0% used [0x00000000e0000000,0x00000000e0000000,0x00000000eb700000)
  from space 19968K, 59% used [0x00000000ed380000,0x00000000edf1d328,0x00000000ee700000)
  to   space 24576K, 0% used [0x00000000eb700000,0x00000000eb700000,0x00000000ecf00000)
 ParOldGen       total 97792K, used 39679K [0x00000000a0000000, 0x00000000a5f80000, 0x00000000e0000000)
  object space 97792K, 40% used [0x00000000a0000000,0x00000000a26bff78,0x00000000a5f80000)
 Metaspace       used 62455K, capacity 65142K, committed 65328K, reserved 1105920K
  class space    used 8158K, capacity 8693K, committed 8752K, reserved 1048576K
}
Event: 3022.836 GC heap before
{Heap before GC invocations=27 (full 4):
 PSYoungGen      total 207360K, used 199268K [0x00000000e0000000, 0x00000000ee700000, 0x0000000100000000)
  eden space 187392K, 99% used [0x00000000e0000000,0x00000000eb6fbe80,0x00000000eb700000)
  from space 19968K, 59% used [0x00000000ed380000,0x00000000edf1d328,0x00000000ee700000)
  to   space 24576K, 0% used [0x00000000eb700000,0x00000000eb700000,0x00000000ecf00000)
 ParOldGen       total 97792K, used 39679K [0x00000000a0000000, 0x00000000a5f80000, 0x00000000e0000000)
  object space 97792K, 40% used [0x00000000a0000000,0x00000000a26bff78,0x00000000a5f80000)
 Metaspace       used 68406K, capacity 71252K, committed 71472K, reserved 1112064K
  class space    used 8882K, capacity 9450K, committed 9520K, reserved 1048576K
Event: 3022.890 GC heap after
Heap after GC invocations=27 (full 4):
 PSYoungGen      total 211968K, used 15680K [0x00000000e0000000, 0x00000000ee700000, 0x0000000100000000)
  eden space 187392K, 0% used [0x00000000e0000000,0x00000000e0000000,0x00000000eb700000)
  from space 24576K, 63% used [0x00000000eb700000,0x00000000ec650080,0x00000000ecf00000)
  to   space 19968K, 0% used [0x00000000ed380000,0x00000000ed380000,0x00000000ee700000)
 ParOldGen       total 97792K, used 39687K [0x00000000a0000000, 0x00000000a5f80000, 0x00000000e0000000)
  object space 97792K, 40% used [0x00000000a0000000,0x00000000a26c1f78,0x00000000a5f80000)
 Metaspace       used 68406K, capacity 71252K, committed 71472K, reserved 1112064K
  class space    used 8882K, capacity 9450K, committed 9520K, reserved 1048576K
}

